e:\universitat\2n dev\treballs\programació en llenguatges interpretats\arkanoid\aa2_arkanoid\tmp\aa2_arkanoidwin32debug\vc141.pdb
e:\universitat\2n dev\treballs\programació en llenguatges interpretats\arkanoid\aa2_arkanoid\tmp\aa2_arkanoidwin32debug\vc141.idb
e:\universitat\2n dev\treballs\programació en llenguatges interpretats\arkanoid\aa2_arkanoid\tmp\aa2_arkanoidwin32debug\gamescene.obj
e:\universitat\2n dev\treballs\programació en llenguatges interpretats\arkanoid\aa2_arkanoid\tmp\aa2_arkanoidwin32debug\inputmanager.obj
e:\universitat\2n dev\treballs\programació en llenguatges interpretats\arkanoid\aa2_arkanoid\tmp\aa2_arkanoidwin32debug\main.obj
e:\universitat\2n dev\treballs\programació en llenguatges interpretats\arkanoid\aa2_arkanoid\tmp\aa2_arkanoidwin32debug\menuscene.obj
e:\universitat\2n dev\treballs\programació en llenguatges interpretats\arkanoid\aa2_arkanoid\tmp\aa2_arkanoidwin32debug\rankingscene.obj
e:\universitat\2n dev\treballs\programació en llenguatges interpretats\arkanoid\aa2_arkanoid\tmp\aa2_arkanoidwin32debug\scene.obj
e:\universitat\2n dev\treballs\programació en llenguatges interpretats\arkanoid\aa2_arkanoid\tmp\aa2_arkanoidwin32debug\splashscene.obj
e:\universitat\2n dev\treballs\programació en llenguatges interpretats\arkanoid\aa2_arkanoid\tmp\aa2_arkanoidwin32debug\vec2.obj
e:\universitat\2n dev\treballs\programació en llenguatges interpretats\arkanoid\aa2_arkanoid\tmp\aa2_arkanoidwin32debug\controller.obj
e:\universitat\2n dev\treballs\programació en llenguatges interpretats\arkanoid\aa2_arkanoid\bin\win32debug\aa2_arkanoid.exe
e:\universitat\2n dev\treballs\programació en llenguatges interpretats\arkanoid\aa2_arkanoid\bin\win32debug\aa2_arkanoid.ilk
e:\universitat\2n dev\treballs\programació en llenguatges interpretats\arkanoid\aa2_arkanoid\bin\win32debug\aa2_arkanoid.pdb
e:\universitat\2n dev\treballs\programació en llenguatges interpretats\arkanoid\aa2_arkanoid\\bin\win32debug\aa2_arkanoid.pdb
e:\universitat\2n dev\treballs\programació en llenguatges interpretats\arkanoid\aa2_arkanoid\\bin\win32debug\aa2_arkanoid.exe
e:\universitat\2n dev\treballs\programació en llenguatges interpretats\arkanoid\aa2_arkanoid\\bin\win32debug\aa2_arkanoid.ilk
e:\universitat\2n dev\treballs\programació en llenguatges interpretats\arkanoid\aa2_arkanoid\tmp\aa2_arkanoidwin32debug\aa2_arkanoid.tlog\cl.command.1.tlog
e:\universitat\2n dev\treballs\programació en llenguatges interpretats\arkanoid\aa2_arkanoid\tmp\aa2_arkanoidwin32debug\aa2_arkanoid.tlog\cl.read.1.tlog
e:\universitat\2n dev\treballs\programació en llenguatges interpretats\arkanoid\aa2_arkanoid\tmp\aa2_arkanoidwin32debug\aa2_arkanoid.tlog\cl.write.1.tlog
e:\universitat\2n dev\treballs\programació en llenguatges interpretats\arkanoid\aa2_arkanoid\tmp\aa2_arkanoidwin32debug\aa2_arkanoid.tlog\link.command.1.tlog
e:\universitat\2n dev\treballs\programació en llenguatges interpretats\arkanoid\aa2_arkanoid\tmp\aa2_arkanoidwin32debug\aa2_arkanoid.tlog\link.read.1.tlog
e:\universitat\2n dev\treballs\programació en llenguatges interpretats\arkanoid\aa2_arkanoid\tmp\aa2_arkanoidwin32debug\aa2_arkanoid.tlog\link.write.1.tlog
